

Starting script at Sun Feb  4 01:22:44 PST 2024
Traceback (most recent call last):
  File "/Users/andrew/Scripts/Notion-Integrations/todo_reset_script.py", line 72, in <module>
    update_and_reset_todo_entries(item)
  File "/Users/andrew/Scripts/Notion-Integrations/todo_reset_script.py", line 43, in update_and_reset_todo_entries
    'number': page_obj['properties']['[Updated Total Mins Spent]']['formula']['number']
              ~~~~~~~~~~~~~~~~~~~~~~~~~~~~~~~~~~~~~~~~~~~~~~~~~~~~~~~~~~~~~~~^^^^^^^^^^
KeyError: 'number'
Script completed at Sun Feb  4 01:22:46 PST 2024

Starting script at Sun Feb  4 01:43:16 PST 2024
Traceback (most recent call last):
  File "/Users/andrew/Scripts/Notion-Integrations/todo_reset_script.py", line 71, in <module>
    update_and_reset_todo_entries(item)
  File "/Users/andrew/Scripts/Notion-Integrations/todo_reset_script.py", line 43, in update_and_reset_todo_entries
    'number': page_obj['properties']['[Updated Total Mins Spent]']['formula']['number']
              ~~~~~~~~~~~~~~~~~~~~~~~~~~~~~~~~~~~~~~~~~~~~~~~~~~~~~~~~~~~~~~~^^^^^^^^^^
KeyError: 'number'
Script completed at Sun Feb  4 01:43:17 PST 2024

Starting script at Sun Feb  4 01:54:38 PST 2024
Traceback (most recent call last):
  File "/Users/andrew/Scripts/Notion-Integrations/todo_reset_script.py", line 71, in <module>
    update_and_reset_todo_entries(item)
  File "/Users/andrew/Scripts/Notion-Integrations/todo_reset_script.py", line 43, in update_and_reset_todo_entries
    'number': page_obj['properties']['[Updated Total Mins Spent]']['formula']['number']
              ~~~~~~~~~~~~~~~~~~~~~~~~~~~~~~~~~~~~~~~~~~~~~~~~~~~~~~~~~~~~~~~^^^^^^^^^^
KeyError: 'number'
Script completed at Sun Feb  4 01:54:39 PST 2024

Starting script at Mon Feb  5 00:01:44 PST 2024
Traceback (most recent call last):
  File "/Users/andrew/Scripts/Notion-Integrations/todo_reset_script.py", line 94, in <module>
    if item['properties']['[Recurring?]']['checkbox'] == True:
       ~~~~~~~~~~~~~~~~~~^^^^^^^^^^^^^^^^
KeyError: '[Recurring?]'
Script completed at Mon Feb  5 00:01:44 PST 2024

Starting script at Tue Feb  6 00:02:43 PST 2024
Traceback (most recent call last):
  File "/Users/andrew/Scripts/Notion-Integrations/todo_reset_script.py", line 94, in <module>
    if item['properties']['[Recurring?]']['checkbox'] == True:
       ~~~~~~~~~~~~~~~~~~^^^^^^^^^^^^^^^^
KeyError: '[Recurring?]'
Script completed at Tue Feb  6 00:02:47 PST 2024

Starting script at Tue Feb  6 19:38:42 PST 2024
Traceback (most recent call last):
  File "/Users/andrew/Scripts/Notion-Integrations/todo_reset_script.py", line 94, in <module>
    if item['properties']['[Recurring?]']['checkbox'] == True:
       ~~~~~~~~~~~~~~~~~~^^^^^^^^^^^^^^^^
KeyError: '[Recurring?]'
Script completed at Tue Feb  6 19:38:53 PST 2024

Starting script at Wed Feb  7 00:01:34 PST 2024
Traceback (most recent call last):
  File "/Users/andrew/Scripts/Notion-Integrations/todo_reset_script.py", line 94, in <module>
    if item['properties']['[Recurring?]']['checkbox'] == True:
       ~~~~~~~~~~~~~~~~~~^^^^^^^^^^^^^^^^
KeyError: '[Recurring?]'
Script completed at Wed Feb  7 00:01:35 PST 2024

Starting script at Thu Feb  8 00:02:09 PST 2024
Traceback (most recent call last):
  File "/Users/andrew/Scripts/Notion-Integrations/todo_reset_script.py", line 94, in <module>
    if item['properties']['[Recurring?]']['checkbox'] == True:
       ~~~~~~~~~~~~~~~~~~^^^^^^^^^^^^^^^^
KeyError: '[Recurring?]'
Script completed at Thu Feb  8 00:02:10 PST 2024

Starting script at Thu Feb  8 15:17:24 PST 2024
Traceback (most recent call last):
  File "/Users/andrew/Scripts/Notion-Integrations/todo_reset_script.py", line 94, in <module>
    if item['properties']['[Recurring?]']['checkbox'] == True:
       ~~~~~~~~~~~~~~~~~~^^^^^^^^^^^^^^^^
KeyError: '[Recurring?]'
Script completed at Thu Feb  8 15:17:30 PST 2024
Starting script at Fri Feb  9 13:24:15 PST 2024
Traceback (most recent call last):
  File "/Users/andrew/Scripts/Notion-Integrations/todo_reset_script.py", line 94, in <module>
    if item['properties']['[Recurring?]']['checkbox'] == True:
       ~~~~~~~~~~~~~~~~~~^^^^^^^^^^^^^^^^
KeyError: '[Recurring?]'
Script completed at Fri Feb  9 13:24:25 PST 2024

Starting script at Sat Feb 10 00:16:05 PST 2024
Traceback (most recent call last):
  File "/Users/andrew/Scripts/Notion-Integrations/todo_reset_script.py", line 94, in <module>
    if item['properties']['[Recurring?]']['checkbox'] == True:
       ~~~~~~~~~~~~~~~~~~^^^^^^^^^^^^^^^^
KeyError: '[Recurring?]'
Script completed at Sat Feb 10 00:16:05 PST 2024

Starting script at Sun Feb 11 00:01:05 PST 2024
Traceback (most recent call last):
  File "/Users/andrew/Scripts/Notion-Integrations/todo_reset_script.py", line 94, in <module>
    if item['properties']['[Recurring?]']['checkbox'] == True:
       ~~~~~~~~~~~~~~~~~~^^^^^^^^^^^^^^^^
KeyError: '[Recurring?]'
Script completed at Sun Feb 11 00:01:06 PST 2024

Starting script at Mon Feb 12 00:14:36 PST 2024
Traceback (most recent call last):
  File "/Users/andrew/Scripts/Notion-Integrations/todo_reset_script.py", line 94, in <module>
    if item['properties']['[Recurring?]']['checkbox'] == True:
       ~~~~~~~~~~~~~~~~~~^^^^^^^^^^^^^^^^
KeyError: '[Recurring?]'
Script completed at Mon Feb 12 00:14:37 PST 2024

Starting script at Tue Feb 13 00:12:32 PST 2024
Traceback (most recent call last):
  File "/Users/andrew/Scripts/Notion-Integrations/todo_reset_script.py", line 94, in <module>
    if item['properties']['[Recurring?]']['checkbox'] == True:
       ~~~~~~~~~~~~~~~~~~^^^^^^^^^^^^^^^^
KeyError: '[Recurring?]'
Script completed at Tue Feb 13 00:12:36 PST 2024

Starting script at Wed Feb 14 00:01:05 PST 2024
Traceback (most recent call last):
  File "/Users/andrew/Scripts/Notion-Integrations/todo_reset_script.py", line 94, in <module>
    if item['properties']['[Recurring?]']['checkbox'] == True:
       ~~~~~~~~~~~~~~~~~~^^^^^^^^^^^^^^^^
KeyError: '[Recurring?]'
Script completed at Wed Feb 14 00:01:07 PST 2024

Starting script at Thu Feb 15 00:16:37 PST 2024
Traceback (most recent call last):
  File "/Users/andrew/Scripts/Notion-Integrations/todo_reset_script.py", line 94, in <module>
    if item['properties']['[Recurring?]']['checkbox'] == True:
       ~~~~~~~~~~~~~~~~~~^^^^^^^^^^^^^^^^
KeyError: '[Recurring?]'
Script completed at Thu Feb 15 00:16:38 PST 2024

Starting script at Fri Feb 16 00:02:51 PST 2024
Traceback (most recent call last):
  File "/Users/andrew/Scripts/Notion-Integrations/todo_reset_script.py", line 94, in <module>
    if item['properties']['[Recurring?]']['checkbox'] == True:
       ~~~~~~~~~~~~~~~~~~^^^^^^^^^^^^^^^^
KeyError: '[Recurring?]'
Script completed at Fri Feb 16 00:02:52 PST 2024

Starting script at Sat Feb 17 00:04:18 PST 2024
Traceback (most recent call last):
  File "/Users/andrew/Scripts/Notion-Integrations/todo_reset_script.py", line 94, in <module>
    if item['properties']['[Recurring?]']['checkbox'] == True:
       ~~~~~~~~~~~~~~~~~~^^^^^^^^^^^^^^^^
KeyError: '[Recurring?]'
Script completed at Sat Feb 17 00:04:21 PST 2024

Starting script at Sun Feb 18 00:03:10 PST 2024
Traceback (most recent call last):
  File "/Users/andrew/Scripts/Notion-Integrations/todo_reset_script.py", line 94, in <module>
    if item['properties']['[Recurring?]']['checkbox'] == True:
       ~~~~~~~~~~~~~~~~~~^^^^^^^^^^^^^^^^
KeyError: '[Recurring?]'
Script completed at Sun Feb 18 00:03:13 PST 2024

Starting script at Mon Feb 19 00:15:04 PST 2024
Traceback (most recent call last):
  File "/Users/andrew/Scripts/Notion-Integrations/todo_reset_script.py", line 94, in <module>
    if item['properties']['[Recurring?]']['checkbox'] == True:
       ~~~~~~~~~~~~~~~~~~^^^^^^^^^^^^^^^^
KeyError: '[Recurring?]'
Script completed at Mon Feb 19 00:15:06 PST 2024

Starting script at Tue Feb 20 00:03:56 PST 2024
Traceback (most recent call last):
  File "/Users/andrew/Scripts/Notion-Integrations/todo_reset_script.py", line 94, in <module>
    if item['properties']['[Recurring?]']['checkbox'] == True:
       ~~~~~~~~~~~~~~~~~~^^^^^^^^^^^^^^^^
KeyError: '[Recurring?]'
Script completed at Tue Feb 20 00:03:58 PST 2024

Starting script at Wed Feb 21 00:16:07 PST 2024
Traceback (most recent call last):
  File "/Users/andrew/Scripts/Notion-Integrations/todo_reset_script.py", line 94, in <module>
    if item['properties']['[Recurring?]']['checkbox'] == True:
       ~~~~~~~~~~~~~~~~~~^^^^^^^^^^^^^^^^
KeyError: '[Recurring?]'
Script completed at Wed Feb 21 00:16:07 PST 2024

Starting script at Thu Feb 22 00:01:30 PST 2024
Traceback (most recent call last):
  File "/Users/andrew/Scripts/Notion-Integrations/todo_reset_script.py", line 94, in <module>
    if item['properties']['[Recurring?]']['checkbox'] == True:
       ~~~~~~~~~~~~~~~~~~^^^^^^^^^^^^^^^^
KeyError: '[Recurring?]'
Starting script at Fri Feb 23 00:01:29 PST 2024
Traceback (most recent call last):
  File "/Users/andrew/Scripts/Notion-Integrations/todo_reset_script.py", line 94, in <module>
    if item['properties']['[Recurring?]']['checkbox'] == True:
       ~~~~~~~~~~~~~~~~~~^^^^^^^^^^^^^^^^
KeyError: '[Recurring?]'
Script completed at Fri Feb 23 00:01:30 PST 2024

Starting script at Sat Feb 24 00:15:52 PST 2024
Traceback (most recent call last):
  File "/Users/andrew/Scripts/Notion-Integrations/todo_reset_script.py", line 94, in <module>
    if item['properties']['[Recurring?]']['checkbox'] == True:
       ~~~~~~~~~~~~~~~~~~^^^^^^^^^^^^^^^^
KeyError: '[Recurring?]'
Script completed at Sat Feb 24 00:15:56 PST 2024

Starting script at Sun Feb 25 00:17:34 PST 2024
Traceback (most recent call last):
  File "/Users/andrew/Scripts/Notion-Integrations/todo_reset_script.py", line 94, in <module>
    if item['properties']['[Recurring?]']['checkbox'] == True:
       ~~~~~~~~~~~~~~~~~~^^^^^^^^^^^^^^^^
KeyError: '[Recurring?]'
Script completed at Sun Feb 25 00:17:38 PST 2024

Starting script at Mon Feb 26 00:04:11 PST 2024
Traceback (most recent call last):
  File "/Users/andrew/Scripts/Notion-Integrations/todo_reset_script.py", line 94, in <module>
    if item['properties']['[Recurring?]']['checkbox'] == True:
       ~~~~~~~~~~~~~~~~~~^^^^^^^^^^^^^^^^
KeyError: '[Recurring?]'
Script completed at Mon Feb 26 00:04:12 PST 2024

Starting script at Tue Feb 27 00:12:34 PST 2024
Traceback (most recent call last):
  File "/Users/andrew/Scripts/Notion-Integrations/todo_reset_script.py", line 94, in <module>
    if item['properties']['[Recurring?]']['checkbox'] == True:
       ~~~~~~~~~~~~~~~~~~^^^^^^^^^^^^^^^^
KeyError: '[Recurring?]'
Script completed at Tue Feb 27 00:12:36 PST 2024

Starting script at Wed Feb 28 00:05:22 PST 2024
Traceback (most recent call last):
  File "/Users/andrew/Scripts/Notion-Integrations/todo_reset_script.py", line 94, in <module>
    if item['properties']['[Recurring?]']['checkbox'] == True:
       ~~~~~~~~~~~~~~~~~~^^^^^^^^^^^^^^^^
KeyError: '[Recurring?]'
Script completed at Wed Feb 28 00:05:24 PST 2024

Starting script at Thu Feb 29 00:04:18 PST 2024
Traceback (most recent call last):
  File "/Users/andrew/Scripts/Notion-Integrations/todo_reset_script.py", line 94, in <module>
    if item['properties']['[Recurring?]']['checkbox'] == True:
       ~~~~~~~~~~~~~~~~~~^^^^^^^^^^^^^^^^
KeyError: '[Recurring?]'
Script completed at Thu Feb 29 00:04:19 PST 2024

Starting script at Fri Mar  1 00:09:33 PST 2024
Traceback (most recent call last):
  File "/Users/andrew/Scripts/Notion-Integrations/todo_reset_script.py", line 94, in <module>
    if item['properties']['[Recurring?]']['checkbox'] == True:
       ~~~~~~~~~~~~~~~~~~^^^^^^^^^^^^^^^^
KeyError: '[Recurring?]'
Script completed at Fri Mar  1 00:09:34 PST 2024

Starting script at Sat Mar  2 00:10:04 PST 2024
Traceback (most recent call last):
  File "/Users/andrew/Scripts/Notion-Integrations/todo_reset_script.py", line 94, in <module>
    if item['properties']['[Recurring?]']['checkbox'] == True:
       ~~~~~~~~~~~~~~~~~~^^^^^^^^^^^^^^^^
KeyError: '[Recurring?]'
Script completed at Sat Mar  2 00:10:06 PST 2024

Starting script at Sun Mar  3 00:01:05 PST 2024
Traceback (most recent call last):
  File "/Users/andrew/Scripts/Notion-Integrations/todo_reset_script.py", line 94, in <module>
    if item['properties']['[Recurring?]']['checkbox'] == True:
       ~~~~~~~~~~~~~~~~~~^^^^^^^^^^^^^^^^
KeyError: '[Recurring?]'
Script completed at Sun Mar  3 00:01:06 PST 2024

Starting script at Mon Mar  4 00:15:42 PST 2024
Traceback (most recent call last):
  File "/Users/andrew/Scripts/Notion-Integrations/todo_reset_script.py", line 94, in <module>
    if item['properties']['[Recurring?]']['checkbox'] == True:
       ~~~~~~~~~~~~~~~~~~^^^^^^^^^^^^^^^^
KeyError: '[Recurring?]'
Script completed at Mon Mar  4 00:15:43 PST 2024

Starting script at Tue Mar  5 00:01:05 PST 2024
Traceback (most recent call last):
  File "/Users/andrew/Scripts/Notion-Integrations/todo_reset_script.py", line 94, in <module>
    if item['properties']['[Recurring?]']['checkbox'] == True:
       ~~~~~~~~~~~~~~~~~~^^^^^^^^^^^^^^^^
KeyError: '[Recurring?]'
Script completed at Tue Mar  5 00:01:06 PST 2024

Starting script at Wed Mar  6 00:01:04 PST 2024
Script completed at Wed Mar  6 00:01:05 PST 2024

Starting script at Thu Mar  7 00:15:37 PST 2024
Script completed at Thu Mar  7 00:15:40 PST 2024

Starting script at Fri Mar  8 00:01:04 PST 2024
Script completed at Fri Mar  8 00:01:04 PST 2024

Starting script at Sat Mar  9 00:13:21 PST 2024
Script completed at Sat Mar  9 00:13:22 PST 2024

Starting script at Sun Mar 10 00:15:11 PST 2024
Script completed at Sun Mar 10 00:15:11 PST 2024

Starting script at Mon Mar 11 00:08:16 PDT 2024
Script completed at Mon Mar 11 00:08:17 PDT 2024

Starting script at Mon Mar 11 16:04:01 PDT 2024
Traceback (most recent call last):
  File "/Users/andrew/Scripts/Notion-Integrations/todo_reset_script.py", line 94, in <module>
    if item['properties']['[Recurring?]']['checkbox'] == True:
       ~~~~~~~~~~~~~~~~~~^^^^^^^^^^^^^^^^
KeyError: '[Recurring?]'
Script completed at Mon Mar 11 16:04:09 PDT 2024

Starting script at Tue Mar 12 00:01:04 PDT 2024
Traceback (most recent call last):
  File "/Users/andrew/Scripts/Notion-Integrations/todo_reset_script.py", line 94, in <module>
    if item['properties']['[Recurring?]']['checkbox'] == True:
       ~~~~~~~~~~~~~~~~~~^^^^^^^^^^^^^^^^
KeyError: '[Recurring?]'
Script completed at Tue Mar 12 00:01:05 PDT 2024

Starting script at Tue Mar 12 15:53:15 PDT 2024
Traceback (most recent call last):
  File "/Users/andrew/Scripts/Notion-Integrations/todo_reset_script.py", line 94, in <module>
    if item['properties']['[Recurring?]']['checkbox'] == True:
       ~~~~~~~~~~~~~~~~~~^^^^^^^^^^^^^^^^
KeyError: '[Recurring?]'
Script completed at Tue Mar 12 15:53:29 PDT 2024

Starting script at Wed Mar 13 00:01:05 PDT 2024
Traceback (most recent call last):
  File "/Users/andrew/Scripts/Notion-Integrations/todo_reset_script.py", line 94, in <module>
    if item['properties']['[Recurring?]']['checkbox'] == True:
       ~~~~~~~~~~~~~~~~~~^^^^^^^^^^^^^^^^
KeyError: '[Recurring?]'
Script completed at Wed Mar 13 00:01:06 PDT 2024

Starting script at Thu Mar 14 00:09:07 PDT 2024
Traceback (most recent call last):
  File "/Users/andrew/Scripts/Notion-Integrations/todo_reset_script.py", line 94, in <module>
    if item['properties']['[Recurring?]']['checkbox'] == True:
       ~~~~~~~~~~~~~~~~~~^^^^^^^^^^^^^^^^
KeyError: '[Recurring?]'
Script completed at Thu Mar 14 00:09:10 PDT 2024

Starting script at Thu Mar 14 15:13:43 PDT 2024
Traceback (most recent call last):
  File "/Users/andrew/Scripts/Notion-Integrations/todo_reset_script.py", line 94, in <module>
    if item['properties']['[Recurring?]']['checkbox'] == True:
       ~~~~~~~~~~~~~~~~~~^^^^^^^^^^^^^^^^
KeyError: '[Recurring?]'
Script completed at Thu Mar 14 15:13:54 PDT 2024

Starting script at Fri Mar 15 00:06:11 PDT 2024
Traceback (most recent call last):
  File "/Users/andrew/Scripts/Notion-Integrations/todo_reset_script.py", line 94, in <module>
    if item['properties']['[Recurring?]']['checkbox'] == True:
       ~~~~~~~~~~~~~~~~~~^^^^^^^^^^^^^^^^
KeyError: '[Recurring?]'
Script completed at Fri Mar 15 00:06:12 PDT 2024

Starting script at Sat Mar 16 00:01:05 PDT 2024
Traceback (most recent call last):
  File "/Users/andrew/Scripts/Notion-Integrations/todo_reset_script.py", line 94, in <module>
    if item['properties']['[Recurring?]']['checkbox'] == True:
       ~~~~~~~~~~~~~~~~~~^^^^^^^^^^^^^^^^
KeyError: '[Recurring?]'
Script completed at Sat Mar 16 00:01:06 PDT 2024

Starting script at Sun Mar 17 00:01:05 PDT 2024
Traceback (most recent call last):
  File "/Users/andrew/Scripts/Notion-Integrations/todo_reset_script.py", line 94, in <module>
    if item['properties']['[Recurring?]']['checkbox'] == True:
       ~~~~~~~~~~~~~~~~~~^^^^^^^^^^^^^^^^
KeyError: '[Recurring?]'
Script completed at Sun Mar 17 00:01:06 PDT 2024

Starting script at Mon Mar 18 00:09:06 PDT 2024
Traceback (most recent call last):
  File "/Users/andrew/Scripts/Notion-Integrations/todo_reset_script.py", line 94, in <module>
    if item['properties']['[Recurring?]']['checkbox'] == True:
       ~~~~~~~~~~~~~~~~~~^^^^^^^^^^^^^^^^
KeyError: '[Recurring?]'
Script completed at Mon Mar 18 00:09:07 PDT 2024

Starting script at Tue Mar 19 00:10:27 PDT 2024
Traceback (most recent call last):
  File "/Users/andrew/Scripts/Notion-Integrations/todo_reset_script.py", line 94, in <module>
    if item['properties']['[Recurring?]']['checkbox'] == True:
       ~~~~~~~~~~~~~~~~~~^^^^^^^^^^^^^^^^
KeyError: '[Recurring?]'
Script completed at Tue Mar 19 00:10:28 PDT 2024

Starting script at Wed Mar 20 00:13:45 PDT 2024
Traceback (most recent call last):
  File "/Users/andrew/Scripts/Notion-Integrations/.venv/lib/python3.11/site-packages/httpcore/_exceptions.py", line 10, in map_exceptions
    yield
  File "/Users/andrew/Scripts/Notion-Integrations/.venv/lib/python3.11/site-packages/httpcore/_backends/sync.py", line 126, in read
    return self._sock.recv(max_bytes)
           ^^^^^^^^^^^^^^^^^^^^^^^^^^
  File "/Users/andrew/anaconda3/lib/python3.11/ssl.py", line 1296, in recv
    return self.read(buflen)
           ^^^^^^^^^^^^^^^^^
  File "/Users/andrew/anaconda3/lib/python3.11/ssl.py", line 1169, in read
    return self._sslobj.read(len)
           ^^^^^^^^^^^^^^^^^^^^^^
TimeoutError: The read operation timed out

The above exception was the direct cause of the following exception:

Traceback (most recent call last):
  File "/Users/andrew/Scripts/Notion-Integrations/.venv/lib/python3.11/site-packages/httpx/_transports/default.py", line 66, in map_httpcore_exceptions
    yield
  File "/Users/andrew/Scripts/Notion-Integrations/.venv/lib/python3.11/site-packages/httpx/_transports/default.py", line 228, in handle_request
    resp = self._pool.handle_request(req)
           ^^^^^^^^^^^^^^^^^^^^^^^^^^^^^^
  File "/Users/andrew/Scripts/Notion-Integrations/.venv/lib/python3.11/site-packages/httpcore/_sync/connection_pool.py", line 268, in handle_request
    raise exc
  File "/Users/andrew/Scripts/Notion-Integrations/.venv/lib/python3.11/site-packages/httpcore/_sync/connection_pool.py", line 251, in handle_request
    response = connection.handle_request(request)
               ^^^^^^^^^^^^^^^^^^^^^^^^^^^^^^^^^^
  File "/Users/andrew/Scripts/Notion-Integrations/.venv/lib/python3.11/site-packages/httpcore/_sync/connection.py", line 103, in handle_request
    return self._connection.handle_request(request)
           ^^^^^^^^^^^^^^^^^^^^^^^^^^^^^^^^^^^^^^^^
  File "/Users/andrew/Scripts/Notion-Integrations/.venv/lib/python3.11/site-packages/httpcore/_sync/http11.py", line 133, in handle_request
    raise exc
  File "/Users/andrew/Scripts/Notion-Integrations/.venv/lib/python3.11/site-packages/httpcore/_sync/http11.py", line 111, in handle_request
    ) = self._receive_response_headers(**kwargs)
        ^^^^^^^^^^^^^^^^^^^^^^^^^^^^^^^^^^^^^^^^
  File "/Users/andrew/Scripts/Notion-Integrations/.venv/lib/python3.11/site-packages/httpcore/_sync/http11.py", line 176, in _receive_response_headers
    event = self._receive_event(timeout=timeout)
            ^^^^^^^^^^^^^^^^^^^^^^^^^^^^^^^^^^^^
  File "/Users/andrew/Scripts/Notion-Integrations/.venv/lib/python3.11/site-packages/httpcore/_sync/http11.py", line 212, in _receive_event
    data = self._network_stream.read(
           ^^^^^^^^^^^^^^^^^^^^^^^^^^
  File "/Users/andrew/Scripts/Notion-Integrations/.venv/lib/python3.11/site-packages/httpcore/_backends/sync.py", line 124, in read
    with map_exceptions(exc_map):
  File "/Users/andrew/anaconda3/lib/python3.11/contextlib.py", line 155, in __exit__
    self.gen.throw(typ, value, traceback)
  File "/Users/andrew/Scripts/Notion-Integrations/.venv/lib/python3.11/site-packages/httpcore/_exceptions.py", line 14, in map_exceptions
    raise to_exc(exc) from exc
httpcore.ReadTimeout: The read operation timed out

The above exception was the direct cause of the following exception:

Traceback (most recent call last):
  File "/Users/andrew/Scripts/Notion-Integrations/.venv/lib/python3.11/site-packages/notion_client/client.py", line 191, in request
    response = self.client.send(request)
               ^^^^^^^^^^^^^^^^^^^^^^^^^
  File "/Users/andrew/Scripts/Notion-Integrations/.venv/lib/python3.11/site-packages/httpx/_client.py", line 901, in send
    response = self._send_handling_auth(
               ^^^^^^^^^^^^^^^^^^^^^^^^^
  File "/Users/andrew/Scripts/Notion-Integrations/.venv/lib/python3.11/site-packages/httpx/_client.py", line 929, in _send_handling_auth
    response = self._send_handling_redirects(
               ^^^^^^^^^^^^^^^^^^^^^^^^^^^^^^
  File "/Users/andrew/Scripts/Notion-Integrations/.venv/lib/python3.11/site-packages/httpx/_client.py", line 966, in _send_handling_redirects
    response = self._send_single_request(request)
               ^^^^^^^^^^^^^^^^^^^^^^^^^^^^^^^^^^
  File "/Users/andrew/Scripts/Notion-Integrations/.venv/lib/python3.11/site-packages/httpx/_client.py", line 1002, in _send_single_request
    response = transport.handle_request(request)
               ^^^^^^^^^^^^^^^^^^^^^^^^^^^^^^^^^
  File "/Users/andrew/Scripts/Notion-Integrations/.venv/lib/python3.11/site-packages/httpx/_transports/default.py", line 227, in handle_request
    with map_httpcore_exceptions():
  File "/Users/andrew/anaconda3/lib/python3.11/contextlib.py", line 155, in __exit__
    self.gen.throw(typ, value, traceback)
  File "/Users/andrew/Scripts/Notion-Integrations/.venv/lib/python3.11/site-packages/httpx/_transports/default.py", line 83, in map_httpcore_exceptions
    raise mapped_exc(message) from exc
httpx.ReadTimeout: The read operation timed out

During handling of the above exception, another exception occurred:

Traceback (most recent call last):
  File "/Users/andrew/Scripts/Notion-Integrations/todo_reset_script.py", line 16, in <module>
    db = notion.databases.query(**{'database_id': TODO_DATABASE_ID}).get('results')
         ^^^^^^^^^^^^^^^^^^^^^^^^^^^^^^^^^^^^^^^^^^^^^^^^^^^^^^^^^^^
  File "/Users/andrew/Scripts/Notion-Integrations/.venv/lib/python3.11/site-packages/notion_client/api_endpoints.py", line 132, in query
    return self.parent.request(
           ^^^^^^^^^^^^^^^^^^^^
  File "/Users/andrew/Scripts/Notion-Integrations/.venv/lib/python3.11/site-packages/notion_client/client.py", line 193, in request
    raise RequestTimeoutError()
notion_client.errors.RequestTimeoutError: Request to Notion API has timed out
Script completed at Wed Mar 20 02:14:55 PDT 2024

Starting script at Thu Mar 21 00:13:56 PDT 2024
Traceback (most recent call last):
  File "/Users/andrew/Scripts/Notion-Integrations/todo_reset_script.py", line 94, in <module>
    if item['properties']['[Recurring?]']['checkbox'] == True:
       ~~~~~~~~~~~~~~~~~~^^^^^^^^^^^^^^^^
KeyError: '[Recurring?]'
Script completed at Thu Mar 21 00:13:57 PDT 2024

Starting script at Fri Mar 22 00:14:57 PDT 2024
Traceback (most recent call last):
  File "/Users/andrew/Scripts/Notion-Integrations/todo_reset_script.py", line 94, in <module>
    if item['properties']['[Recurring?]']['checkbox'] == True:
       ~~~~~~~~~~~~~~~~~~^^^^^^^^^^^^^^^^
KeyError: '[Recurring?]'
Script completed at Fri Mar 22 00:14:58 PDT 2024

Starting script at Sat Mar 23 00:10:31 PDT 2024
Traceback (most recent call last):
  File "/Users/andrew/Scripts/Notion-Integrations/todo_reset_script.py", line 94, in <module>
    if item['properties']['[Recurring?]']['checkbox'] == True:
       ~~~~~~~~~~~~~~~~~~^^^^^^^^^^^^^^^^
KeyError: '[Recurring?]'
Script completed at Sat Mar 23 00:10:33 PDT 2024

Starting script at Sun Mar 24 00:13:55 PDT 2024
Traceback (most recent call last):
  File "/Users/andrew/Scripts/Notion-Integrations/todo_reset_script.py", line 94, in <module>
    if item['properties']['[Recurring?]']['checkbox'] == True:
       ~~~~~~~~~~~~~~~~~~^^^^^^^^^^^^^^^^
KeyError: '[Recurring?]'
Script completed at Sun Mar 24 00:13:57 PDT 2024

Starting script at Mon Mar 25 00:04:39 PDT 2024
Traceback (most recent call last):
  File "/Users/andrew/Scripts/Notion-Integrations/todo_reset_script.py", line 94, in <module>
    if item['properties']['[Recurring?]']['checkbox'] == True:
       ~~~~~~~~~~~~~~~~~~^^^^^^^^^^^^^^^^
KeyError: '[Recurring?]'
Script completed at Mon Mar 25 00:04:41 PDT 2024

Starting script at Tue Mar 26 00:08:06 PDT 2024
Traceback (most recent call last):
  File "/Users/andrew/Scripts/Notion-Integrations/todo_reset_script.py", line 94, in <module>
    if item['properties']['[Recurring?]']['checkbox'] == True:
       ~~~~~~~~~~~~~~~~~~^^^^^^^^^^^^^^^^
KeyError: '[Recurring?]'
Script completed at Tue Mar 26 00:08:08 PDT 2024

Starting script at Tue Mar 26 18:19:01 PDT 2024
Traceback (most recent call last):
  File "/Users/andrew/Scripts/Notion-Integrations/todo_reset_script.py", line 94, in <module>
    if item['properties']['[Recurring?]']['checkbox'] == True:
       ~~~~~~~~~~~~~~~~~~^^^^^^^^^^^^^^^^
KeyError: '[Recurring?]'
Script completed at Tue Mar 26 18:19:11 PDT 2024

Starting script at Wed Mar 27 00:01:32 PDT 2024
Traceback (most recent call last):
  File "/Users/andrew/Scripts/Notion-Integrations/todo_reset_script.py", line 94, in <module>
    if item['properties']['[Recurring?]']['checkbox'] == True:
       ~~~~~~~~~~~~~~~~~~^^^^^^^^^^^^^^^^
KeyError: '[Recurring?]'
Script completed at Wed Mar 27 00:01:34 PDT 2024

